# JRE version: Java(TM) SE Runtime Environment (17.0.6+9) (build 17.0.6+9-LTS-190)
# Java VM: Java HotSpot(TM) 64-Bit Server VM (17.0.6+9-LTS-190, mixed mode, sharing, tiered, compressed oops, compressed class ptrs, g1 gc, windows-amd64)
GC Precious Log:
 CPUs: 8 total, 8 available
 Memory: 7920M
 Large Page Support: Disabled
 NUMA Support: Disabled
 Compressed Oops: Enabled (32-bit)
 Heap Region Size: 1M
 Heap Min Capacity: 8M
 Heap Initial Capacity: 124M
 Heap Max Capacity: 1982M
 Pre-touch: Disabled
 Parallel Workers: 8
 Concurrent Workers: 2
 Concurrent Refinement Workers: 8
 Periodic GC: Disabled
Heap:
 garbage-first heap   total 95232K, used 76804K [0x0000000084200000, 0x0000000100000000)
  region size 1024K, 26 young (26624K), 1 survivors (1024K)
 Metaspace       used 81851K, committed 82432K, reserved 1122304K
  class space    used 11231K, committed 11520K, reserved 1048576K
GC Heap History (20 events):
Event: 17.992 GC heap before
{Heap before GC invocations=27 (full 0):
 garbage-first heap   total 78848K, used 63818K [0x0000000084200000, 0x0000000100000000)
  region size 1024K, 27 young (27648K), 3 survivors (3072K)
 Metaspace       used 64539K, committed 65024K, reserved 1105920K
  class space    used 8868K, committed 9088K, reserved 1048576K
}
Event: 17.996 GC heap after
{Heap after GC invocations=28 (full 0):
 garbage-first heap   total 78848K, used 40194K [0x0000000084200000, 0x0000000100000000)
  region size 1024K, 3 young (3072K), 3 survivors (3072K)
 Metaspace       used 64539K, committed 65024K, reserved 1105920K
  class space    used 8868K, committed 9088K, reserved 1048576K
}
Event: 18.534 GC heap before
{Heap before GC invocations=29 (full 0):
 garbage-first heap   total 78848K, used 64770K [0x0000000084200000, 0x0000000100000000)
  region size 1024K, 27 young (27648K), 3 survivors (3072K)
 Metaspace       used 65455K, committed 65920K, reserved 1105920K
  class space    used 9015K, committed 9216K, reserved 1048576K
}
Event: 18.538 GC heap after
{Heap after GC invocations=30 (full 0):
 garbage-first heap   total 78848K, used 41046K [0x0000000084200000, 0x0000000100000000)
  region size 1024K, 2 young (2048K), 2 survivors (2048K)
 Metaspace       used 65455K, committed 65920K, reserved 1105920K
  class space    used 9015K, committed 9216K, reserved 1048576K
}
Event: 19.345 GC heap before
{Heap before GC invocations=30 (full 0):
 garbage-first heap   total 78848K, used 64598K [0x0000000084200000, 0x0000000100000000)
  region size 1024K, 25 young (25600K), 2 survivors (2048K)
 Metaspace       used 65866K, committed 66368K, reserved 1105920K
  class space    used 9073K, committed 9280K, reserved 1048576K
}
Event: 19.350 GC heap after
{Heap after GC invocations=31 (full 0):
 garbage-first heap   total 78848K, used 42070K [0x0000000084200000, 0x0000000100000000)
  region size 1024K, 3 young (3072K), 3 survivors (3072K)
 Metaspace       used 65866K, committed 66368K, reserved 1105920K
  class space    used 9073K, committed 9280K, reserved 1048576K
}
Event: 19.989 GC heap before
{Heap before GC invocations=32 (full 0):
 garbage-first heap   total 78848K, used 65622K [0x0000000084200000, 0x0000000100000000)
  region size 1024K, 26 young (26624K), 3 survivors (3072K)
 Metaspace       used 66439K, committed 66944K, reserved 1114112K
  class space    used 9171K, committed 9408K, reserved 1048576K
}
Event: 19.993 GC heap after
{Heap after GC invocations=33 (full 0):
 garbage-first heap   total 78848K, used 42837K [0x0000000084200000, 0x0000000100000000)
  region size 1024K, 3 young (3072K), 3 survivors (3072K)
 Metaspace       used 66439K, committed 66944K, reserved 1114112K
  class space    used 9171K, committed 9408K, reserved 1048576K
}
Event: 20.406 GC heap before
{Heap before GC invocations=33 (full 0):
 garbage-first heap   total 78848K, used 65365K [0x0000000084200000, 0x0000000100000000)
  region size 1024K, 25 young (25600K), 3 survivors (3072K)
 Metaspace       used 68425K, committed 68928K, reserved 1114112K
  class space    used 9398K, committed 9600K, reserved 1048576K
}
Event: 20.411 GC heap after
{Heap after GC invocations=34 (full 0):
 garbage-first heap   total 95232K, used 43975K [0x0000000084200000, 0x0000000100000000)
  region size 1024K, 3 young (3072K), 3 survivors (3072K)
 Metaspace       used 68425K, committed 68928K, reserved 1114112K
  class space    used 9398K, committed 9600K, reserved 1048576K
}
Event: 21.281 GC heap before
{Heap before GC invocations=35 (full 0):
 garbage-first heap   total 95232K, used 78791K [0x0000000084200000, 0x0000000100000000)
  region size 1024K, 37 young (37888K), 3 survivors (3072K)
 Metaspace       used 70934K, committed 71424K, reserved 1114112K
  class space    used 9775K, committed 9984K, reserved 1048576K
}
Event: 21.289 GC heap after
{Heap after GC invocations=36 (full 0):
 garbage-first heap   total 95232K, used 45749K [0x0000000084200000, 0x0000000100000000)
  region size 1024K, 4 young (4096K), 4 survivors (4096K)
 Metaspace       used 70934K, committed 71424K, reserved 1114112K
  class space    used 9775K, committed 9984K, reserved 1048576K
}
Event: 22.165 GC heap before
{Heap before GC invocations=36 (full 0):
 garbage-first heap   total 95232K, used 79541K [0x0000000084200000, 0x0000000100000000)
  region size 1024K, 37 young (37888K), 4 survivors (4096K)
 Metaspace       used 73142K, committed 73728K, reserved 1114112K
  class space    used 10095K, committed 10368K, reserved 1048576K
}
Event: 22.171 GC heap after
{Heap after GC invocations=37 (full 0):
 garbage-first heap   total 95232K, used 47339K [0x0000000084200000, 0x0000000100000000)
  region size 1024K, 4 young (4096K), 4 survivors (4096K)
 Metaspace       used 73142K, committed 73728K, reserved 1114112K
  class space    used 10095K, committed 10368K, reserved 1048576K
}
Event: 52.936 GC heap before
{Heap before GC invocations=37 (full 0):
 garbage-first heap   total 95232K, used 79083K [0x0000000084200000, 0x0000000100000000)
  region size 1024K, 35 young (35840K), 4 survivors (4096K)
 Metaspace       used 76992K, committed 77504K, reserved 1122304K
  class space    used 10599K, committed 10816K, reserved 1048576K
}
Event: 53.056 GC heap after
{Heap after GC invocations=38 (full 0):
 garbage-first heap   total 95232K, used 50727K [0x0000000084200000, 0x0000000100000000)
  region size 1024K, 5 young (5120K), 5 survivors (5120K)
 Metaspace       used 76992K, committed 77504K, reserved 1122304K
  class space    used 10599K, committed 10816K, reserved 1048576K
}
Event: 322.320 GC heap before
{Heap before GC invocations=39 (full 0):
 garbage-first heap   total 95232K, used 77351K [0x0000000084200000, 0x0000000100000000)
  region size 1024K, 32 young (32768K), 5 survivors (5120K)
 Metaspace       used 81697K, committed 82304K, reserved 1122304K
  class space    used 11229K, committed 11520K, reserved 1048576K
}
Event: 322.473 GC heap after
{Heap after GC invocations=40 (full 0):
 garbage-first heap   total 95232K, used 52490K [0x0000000084200000, 0x0000000100000000)
  region size 1024K, 2 young (2048K), 2 survivors (2048K)
 Metaspace       used 81697K, committed 82304K, reserved 1122304K
  class space    used 11229K, committed 11520K, reserved 1048576K
}
Event: 383.323 GC heap before
{Heap before GC invocations=40 (full 0):
 garbage-first heap   total 95232K, used 54538K [0x0000000084200000, 0x0000000100000000)
  region size 1024K, 4 young (4096K), 2 survivors (2048K)
 Metaspace       used 81711K, committed 82304K, reserved 1122304K
  class space    used 11229K, committed 11520K, reserved 1048576K
}
Event: 383.390 GC heap after
{Heap after GC invocations=41 (full 0):
 garbage-first heap   total 95232K, used 52228K [0x0000000084200000, 0x0000000100000000)
  region size 1024K, 1 young (1024K), 1 survivors (1024K)
 Metaspace       used 81711K, committed 82304K, reserved 1122304K
  class space    used 11229K, committed 11520K, reserved 1048576K
}

